<?xml version="1.0" encoding="UTF-8"?>
<testsuite xmlns:xsi="http://www.w3.org/2001/XMLSchema-instance" xsi:noNamespaceSchemaLocation="https://maven.apache.org/surefire/maven-surefire-plugin/xsd/surefire-test-report-3.0.xsd" version="3.0" name="TestSuite" time="30.417" tests="1" errors="0" skipped="0" failures="0">
  <properties>
[...]
</properties>
  <testcase name="runScenario[&quot;Check login is successful with valid credentials&quot;, &quot;Optional[Login User]&quot;](1)" classname="testRunner.TestNGTestRunner" time="27.371">
    <system-out><![CDATA[
@Home
Scenario Outline: Check login is successful with valid credentials # src/test/java/features/Login.feature:12
  Given user is in login page                                      # stepDefinitions.LoginStep.user_is_in_login_page()
  When user Enters "fikkodoltu1@vusra.com" and "121212A"           # stepDefinitions.LoginStep.user_Enters_And(java.lang.String,java.lang.String)
  And click Login Button                                           # stepDefinitions.LoginStep.click_Login_Button()
  Then Home Page is visible                                        # stepDefinitions.LoginStep.Home_Page_is_visible()
]]></system-out>
    <system-err><![CDATA[SLF4J: Failed to load class "org.slf4j.impl.StaticLoggerBinder".
SLF4J: Defaulting to no-operation (NOP) logger implementation
SLF4J: See http://www.slf4j.org/codes.html#StaticLoggerBinder for further details.
Starting ChromeDriver 100.0.4896.60 (6a5d10861ce8de5fce22564658033b43cb7de047-refs/branch-heads/4896@{#875}) on port 61020
Only local connections are allowed.
Please see https://chromedriver.chromium.org/security-considerations for suggestions on keeping ChromeDriver safe.
ChromeDriver was started successfully.
Apr 22, 2022 9:19:16 AM org.openqa.selenium.remote.ProtocolHandshake createSession
INFO: Detected dialect: W3C
Apr 22, 2022 9:19:17 AM org.openqa.selenium.devtools.CdpVersionFinder findNearestMatch
WARNING: Unable to find an exact match for CDP version 100, so returning the closest version found: 99
Apr 22, 2022 9:19:17 AM org.openqa.selenium.devtools.CdpVersionFinder findNearestMatch
INFO: Found CDP implementation for version 100 of 99
]]></system-err>
  </testcase>
</testsuite>